# JRE version: OpenJDK Runtime Environment Corretto-11.0.25.9.1 (11.0.25+9) (build 11.0.25+9-LTS)
# Java VM: OpenJDK 64-Bit Server VM Corretto-11.0.25.9.1 (11.0.25+9-LTS, mixed mode, tiered, compressed oops, g1 gc, windows-amd64)
Heap:
 garbage-first heap   total 233472K, used 44114K [0x0000000742800000, 0x0000000800000000)
  region size 1024K, 8 young (8192K), 8 survivors (8192K)
 Metaspace       used 65086K, capacity 67628K, committed 67752K, reserved 1116160K
  class space    used 8031K, capacity 9062K, committed 9172K, reserved 1048576K
GC Heap History (20 events):
Event: 7.070 GC heap before
{Heap before GC invocations=6 (full 0):
 garbage-first heap   total 194560K, used 91781K [0x0000000742800000, 0x0000000800000000)
  region size 1024K, 82 young (83968K), 7 survivors (7168K)
 Metaspace       used 34873K, capacity 35980K, committed 36048K, reserved 1081344K
  class space    used 4335K, capacity 4754K, committed 4820K, reserved 1048576K
}
Event: 7.089 GC heap after
{Heap after GC invocations=7 (full 0):
 garbage-first heap   total 194560K, used 18580K [0x0000000742800000, 0x0000000800000000)
  region size 1024K, 9 young (9216K), 9 survivors (9216K)
 Metaspace       used 34873K, capacity 35980K, committed 36048K, reserved 1081344K
  class space    used 4335K, capacity 4754K, committed 4820K, reserved 1048576K
}
Event: 8.212 GC heap before
{Heap before GC invocations=8 (full 0):
 garbage-first heap   total 194560K, used 115860K [0x0000000742800000, 0x0000000800000000)
  region size 1024K, 104 young (106496K), 9 survivors (9216K)
 Metaspace       used 44585K, capacity 46054K, committed 46416K, reserved 1089536K
  class space    used 5548K, capacity 6108K, committed 6228K, reserved 1048576K
}
Event: 8.223 GC heap after
{Heap after GC invocations=9 (full 0):
 garbage-first heap   total 194560K, used 22772K [0x0000000742800000, 0x0000000800000000)
  region size 1024K, 11 young (11264K), 11 survivors (11264K)
 Metaspace       used 44585K, capacity 46054K, committed 46416K, reserved 1089536K
  class space    used 5548K, capacity 6108K, committed 6228K, reserved 1048576K
}
Event: 9.205 GC heap before
{Heap before GC invocations=9 (full 0):
 garbage-first heap   total 194560K, used 128244K [0x0000000742800000, 0x0000000800000000)
  region size 1024K, 114 young (116736K), 11 survivors (11264K)
 Metaspace       used 47027K, capacity 48559K, committed 48720K, reserved 1091584K
  class space    used 5855K, capacity 6459K, committed 6484K, reserved 1048576K
}
Event: 9.214 GC heap after
{Heap after GC invocations=10 (full 0):
 garbage-first heap   total 194560K, used 25954K [0x0000000742800000, 0x0000000800000000)
  region size 1024K, 11 young (11264K), 11 survivors (11264K)
 Metaspace       used 47027K, capacity 48559K, committed 48720K, reserved 1091584K
  class space    used 5855K, capacity 6459K, committed 6484K, reserved 1048576K
}
Event: 9.515 GC heap before
{Heap before GC invocations=10 (full 0):
 garbage-first heap   total 194560K, used 131426K [0x0000000742800000, 0x0000000800000000)
  region size 1024K, 114 young (116736K), 11 survivors (11264K)
 Metaspace       used 47947K, capacity 49496K, committed 49616K, reserved 1091584K
  class space    used 5907K, capacity 6541K, committed 6612K, reserved 1048576K
}
Event: 9.525 GC heap after
{Heap after GC invocations=11 (full 0):
 garbage-first heap   total 194560K, used 27836K [0x0000000742800000, 0x0000000800000000)
  region size 1024K, 10 young (10240K), 10 survivors (10240K)
 Metaspace       used 47947K, capacity 49496K, committed 49616K, reserved 1091584K
  class space    used 5907K, capacity 6541K, committed 6612K, reserved 1048576K
}
Event: 10.103 GC heap before
{Heap before GC invocations=11 (full 0):
 garbage-first heap   total 194560K, used 134332K [0x0000000742800000, 0x0000000800000000)
  region size 1024K, 114 young (116736K), 10 survivors (10240K)
 Metaspace       used 52315K, capacity 54127K, committed 54352K, reserved 1095680K
  class space    used 6432K, capacity 7159K, committed 7252K, reserved 1048576K
}
Event: 10.111 GC heap after
{Heap after GC invocations=12 (full 0):
 garbage-first heap   total 194560K, used 31723K [0x0000000742800000, 0x0000000800000000)
  region size 1024K, 10 young (10240K), 10 survivors (10240K)
 Metaspace       used 52315K, capacity 54127K, committed 54352K, reserved 1095680K
  class space    used 6432K, capacity 7159K, committed 7252K, reserved 1048576K
}
Event: 10.957 GC heap before
{Heap before GC invocations=12 (full 0):
 garbage-first heap   total 194560K, used 138219K [0x0000000742800000, 0x0000000800000000)
  region size 1024K, 114 young (116736K), 10 survivors (10240K)
 Metaspace       used 56771K, capacity 59062K, committed 59344K, reserved 1099776K
  class space    used 7123K, capacity 8039K, committed 8148K, reserved 1048576K
}
Event: 10.967 GC heap after
{Heap after GC invocations=13 (full 0):
 garbage-first heap   total 194560K, used 36760K [0x0000000742800000, 0x0000000800000000)
  region size 1024K, 11 young (11264K), 11 survivors (11264K)
 Metaspace       used 56771K, capacity 59062K, committed 59344K, reserved 1099776K
  class space    used 7123K, capacity 8039K, committed 8148K, reserved 1048576K
}
Event: 11.469 GC heap before
{Heap before GC invocations=13 (full 0):
 garbage-first heap   total 194560K, used 142232K [0x0000000742800000, 0x0000000800000000)
  region size 1024K, 114 young (116736K), 11 survivors (11264K)
 Metaspace       used 56904K, capacity 59245K, committed 59344K, reserved 1099776K
  class space    used 7133K, capacity 8052K, committed 8148K, reserved 1048576K
}
Event: 11.479 GC heap after
{Heap after GC invocations=14 (full 0):
 garbage-first heap   total 233472K, used 39808K [0x0000000742800000, 0x0000000800000000)
  region size 1024K, 8 young (8192K), 8 survivors (8192K)
 Metaspace       used 56904K, capacity 59245K, committed 59344K, reserved 1099776K
  class space    used 7133K, capacity 8052K, committed 8148K, reserved 1048576K
}
Event: 11.642 GC heap before
{Heap before GC invocations=14 (full 0):
 garbage-first heap   total 233472K, used 58240K [0x0000000742800000, 0x0000000800000000)
  region size 1024K, 27 young (27648K), 8 survivors (8192K)
 Metaspace       used 57919K, capacity 60358K, committed 60496K, reserved 1101824K
  class space    used 7275K, capacity 8232K, committed 8276K, reserved 1048576K
}
Event: 11.651 GC heap after
{Heap after GC invocations=15 (full 0):
 garbage-first heap   total 233472K, used 40085K [0x0000000742800000, 0x0000000800000000)
  region size 1024K, 8 young (8192K), 8 survivors (8192K)
 Metaspace       used 57919K, capacity 60358K, committed 60496K, reserved 1101824K
  class space    used 7275K, capacity 8232K, committed 8276K, reserved 1048576K
}
Event: 393.477 GC heap before
{Heap before GC invocations=16 (full 0):
 garbage-first heap   total 233472K, used 171157K [0x0000000742800000, 0x0000000800000000)
  region size 1024K, 136 young (139264K), 8 survivors (8192K)
 Metaspace       used 61281K, capacity 63757K, committed 63912K, reserved 1103872K
  class space    used 7606K, capacity 8598K, committed 8660K, reserved 1048576K
}
Event: 393.537 GC heap after
{Heap after GC invocations=17 (full 0):
 garbage-first heap   total 233472K, used 42133K [0x0000000742800000, 0x0000000800000000)
  region size 1024K, 10 young (10240K), 10 survivors (10240K)
 Metaspace       used 61281K, capacity 63757K, committed 63912K, reserved 1103872K
  class space    used 7606K, capacity 8598K, committed 8660K, reserved 1048576K
}
Event: 674.884 GC heap before
{Heap before GC invocations=18 (full 0):
 garbage-first heap   total 233472K, used 162965K [0x0000000742800000, 0x0000000800000000)
  region size 1024K, 130 young (133120K), 10 survivors (10240K)
 Metaspace       used 65086K, capacity 67628K, committed 67752K, reserved 1114112K
  class space    used 8031K, capacity 9062K, committed 9172K, reserved 1048576K
}
Event: 674.902 GC heap after
{Heap after GC invocations=19 (full 0):
 garbage-first heap   total 233472K, used 44114K [0x0000000742800000, 0x0000000800000000)
  region size 1024K, 8 young (8192K), 8 survivors (8192K)
 Metaspace       used 65086K, capacity 67628K, committed 67752K, reserved 1114112K
  class space    used 8031K, capacity 9062K, committed 9172K, reserved 1048576K
}

