# JRE version: OpenJDK Runtime Environment Corretto-11.0.25.9.1 (11.0.25+9) (build 11.0.25+9-LTS)
# Java VM: OpenJDK 64-Bit Server VM Corretto-11.0.25.9.1 (11.0.25+9-LTS, mixed mode, tiered, compressed oops, g1 gc, windows-amd64)
Heap:
 garbage-first heap   total 155648K, used 22749K [0x0000000082800000, 0x0000000100000000)
  region size 1024K, 6 young (6144K), 6 survivors (6144K)
 Metaspace       used 45092K, capacity 46525K, committed 46588K, reserved 1089536K
  class space    used 5620K, capacity 6220K, committed 6272K, reserved 1048576K
GC Heap History (15 events):
Event: 2.140 GC heap before
{Heap before GC invocations=0 (full 0):
 garbage-first heap   total 129024K, used 23552K [0x0000000082800000, 0x0000000100000000)
  region size 1024K, 24 young (24576K), 0 survivors (0K)
 Metaspace       used 14554K, capacity 14910K, committed 15232K, reserved 1062912K
  class space    used 1483K, capacity 1589K, committed 1664K, reserved 1048576K
}
Event: 2.153 GC heap after
{Heap after GC invocations=1 (full 0):
 garbage-first heap   total 129024K, used 8315K [0x0000000082800000, 0x0000000100000000)
  region size 1024K, 3 young (3072K), 3 survivors (3072K)
 Metaspace       used 14554K, capacity 14910K, committed 15232K, reserved 1062912K
  class space    used 1483K, capacity 1589K, committed 1664K, reserved 1048576K
}
Event: 2.396 GC heap before
{Heap before GC invocations=1 (full 0):
 garbage-first heap   total 129024K, used 22651K [0x0000000082800000, 0x0000000100000000)
  region size 1024K, 17 young (17408K), 3 survivors (3072K)
 Metaspace       used 16005K, capacity 16449K, committed 16768K, reserved 1064960K
  class space    used 1683K, capacity 1831K, committed 1920K, reserved 1048576K
}
Event: 2.399 GC heap after
{Heap after GC invocations=2 (full 0):
 garbage-first heap   total 129024K, used 8993K [0x0000000082800000, 0x0000000100000000)
  region size 1024K, 1 young (1024K), 1 survivors (1024K)
 Metaspace       used 16005K, capacity 16449K, committed 16768K, reserved 1064960K
  class space    used 1683K, capacity 1831K, committed 1920K, reserved 1048576K
}
Event: 2.866 GC heap before
{Heap before GC invocations=2 (full 0):
 garbage-first heap   total 129024K, used 41761K [0x0000000082800000, 0x0000000100000000)
  region size 1024K, 34 young (34816K), 1 survivors (1024K)
 Metaspace       used 20557K, capacity 21160K, committed 21296K, reserved 1069056K
  class space    used 2346K, capacity 2605K, committed 2688K, reserved 1048576K
}
Event: 2.869 GC heap after
{Heap after GC invocations=3 (full 0):
 garbage-first heap   total 129024K, used 10580K [0x0000000082800000, 0x0000000100000000)
  region size 1024K, 3 young (3072K), 3 survivors (3072K)
 Metaspace       used 20557K, capacity 21160K, committed 21296K, reserved 1069056K
  class space    used 2346K, capacity 2605K, committed 2688K, reserved 1048576K
}
Event: 3.291 GC heap before
{Heap before GC invocations=4 (full 0):
 garbage-first heap   total 129024K, used 58708K [0x0000000082800000, 0x0000000100000000)
  region size 1024K, 51 young (52224K), 3 survivors (3072K)
 Metaspace       used 26853K, capacity 27722K, committed 27952K, reserved 1073152K
  class space    used 3266K, capacity 3588K, committed 3712K, reserved 1048576K
}
Event: 3.302 GC heap after
{Heap after GC invocations=5 (full 0):
 garbage-first heap   total 129024K, used 12496K [0x0000000082800000, 0x0000000100000000)
  region size 1024K, 4 young (4096K), 4 survivors (4096K)
 Metaspace       used 26853K, capacity 27722K, committed 27952K, reserved 1073152K
  class space    used 3266K, capacity 3588K, committed 3712K, reserved 1048576K
}
Event: 3.993 GC heap before
{Heap before GC invocations=6 (full 0):
 garbage-first heap   total 129024K, used 84176K [0x0000000082800000, 0x0000000100000000)
  region size 1024K, 75 young (76800K), 4 survivors (4096K)
 Metaspace       used 30121K, capacity 31091K, committed 31280K, reserved 1077248K
  class space    used 3711K, capacity 4097K, committed 4224K, reserved 1048576K
}
Event: 3.999 GC heap after
{Heap after GC invocations=7 (full 0):
 garbage-first heap   total 129024K, used 15354K [0x0000000082800000, 0x0000000100000000)
  region size 1024K, 7 young (7168K), 7 survivors (7168K)
 Metaspace       used 30121K, capacity 31091K, committed 31280K, reserved 1077248K
  class space    used 3711K, capacity 4097K, committed 4224K, reserved 1048576K
}
Event: 4.587 GC heap before
{Heap before GC invocations=7 (full 0):
 garbage-first heap   total 129024K, used 84986K [0x0000000082800000, 0x0000000100000000)
  region size 1024K, 75 young (76800K), 7 survivors (7168K)
 Metaspace       used 33663K, capacity 34665K, committed 34736K, reserved 1079296K
  class space    used 4191K, capacity 4603K, committed 4608K, reserved 1048576K
}
Event: 4.594 GC heap after
{Heap after GC invocations=8 (full 0):
 garbage-first heap   total 129024K, used 17325K [0x0000000082800000, 0x0000000100000000)
  region size 1024K, 7 young (7168K), 7 survivors (7168K)
 Metaspace       used 33663K, capacity 34665K, committed 34736K, reserved 1079296K
  class space    used 4191K, capacity 4603K, committed 4608K, reserved 1048576K
}
Event: 5.358 GC heap before
{Heap before GC invocations=8 (full 0):
 garbage-first heap   total 129024K, used 86957K [0x0000000082800000, 0x0000000100000000)
  region size 1024K, 75 young (76800K), 7 survivors (7168K)
 Metaspace       used 39709K, capacity 41061K, committed 41264K, reserved 1085440K
  class space    used 4930K, capacity 5469K, committed 5504K, reserved 1048576K
}
Event: 5.365 GC heap after
{Heap after GC invocations=9 (full 0):
 garbage-first heap   total 129024K, used 21058K [0x0000000082800000, 0x0000000100000000)
  region size 1024K, 9 young (9216K), 9 survivors (9216K)
 Metaspace       used 39709K, capacity 41061K, committed 41264K, reserved 1085440K
  class space    used 4930K, capacity 5469K, committed 5504K, reserved 1048576K
}
Event: 6.371 GC heap before
{Heap before GC invocations=9 (full 0):
 garbage-first heap   total 129024K, used 76354K [0x0000000082800000, 0x0000000100000000)
  region size 1024K, 64 young (65536K), 9 survivors (9216K)
 Metaspace       used 45092K, capacity 46525K, committed 46588K, reserved 1089536K
  class space    used 5620K, capacity 6220K, committed 6272K, reserved 1048576K
}

